<?xml version="1.0" encoding="UTF-8"?>
<!-- Generated by org.testng.reporters.JUnitXMLReporter -->
<testsuite ignored="0" hostname="DESKTOP-GF5M0FN" failures="0" tests="6" name="Default test" time="17.111" errors="0" timestamp="2023-05-21T15:53:02 IST">
  <testcase classname="api.test.DDTests" name="testPostuser" time="5.237"/>
  <testcase classname="api.test.DDTests" name="testPostuser" time="1.597"/>
  <testcase classname="api.test.DDTests" name="testPostuser" time="1.46"/>
  <testcase classname="api.test.DDTests" name="testDeleteUserByName" time="2.406"/>
  <testcase classname="api.test.DDTests" name="testDeleteUserByName" time="1.457"/>
  <testcase classname="api.test.DDTests" name="testDeleteUserByName" time="1.808"/>
</testsuite> <!-- Default test -->
