<?xml version="1.0" encoding="UTF-8"?>
<testng-results ignored="0" total="4" passed="4" failed="0" skipped="0">
  <reporter-output>
  </reporter-output>
  <suite started-at="2023-06-03T11:17:36 IST" name="PetSuite" finished-at="2023-06-03T11:17:45 IST" duration-ms="8791">
    <groups>
    </groups>
    <test started-at="2023-06-03T11:17:36 IST" name="PetTest" finished-at="2023-06-03T11:17:45 IST" duration-ms="8791">
      <class name="api.test.UserTest2">
        <test-method is-config="true" signature="setupData()[pri:0, instance:api.test.UserTest2@31c88ec8]" started-at="2023-06-03T11:17:36 IST" name="setupData" finished-at="2023-06-03T11:17:36 IST" duration-ms="286" status="PASS">
          <reporter-output>
          </reporter-output>
        </test-method> <!-- setupData -->
        <test-method signature="testPostUser()[pri:1, instance:api.test.UserTest2@31c88ec8]" started-at="2023-06-03T11:17:36 IST" name="testPostUser" finished-at="2023-06-03T11:17:40 IST" duration-ms="3329" status="PASS">
          <reporter-output>
          </reporter-output>
        </test-method> <!-- testPostUser -->
        <test-method signature="testGetUserByName()[pri:2, instance:api.test.UserTest2@31c88ec8]" started-at="2023-06-03T11:17:40 IST" name="testGetUserByName" finished-at="2023-06-03T11:17:41 IST" duration-ms="1211" status="PASS">
          <reporter-output>
          </reporter-output>
        </test-method> <!-- testGetUserByName -->
        <test-method signature="testUpdateUser()[pri:3, instance:api.test.UserTest2@31c88ec8]" started-at="2023-06-03T11:17:41 IST" name="testUpdateUser" finished-at="2023-06-03T11:17:43 IST" duration-ms="2477" status="PASS">
          <reporter-output>
          </reporter-output>
        </test-method> <!-- testUpdateUser -->
        <test-method signature="testDeleteUserByName()[pri:4, instance:api.test.UserTest2@31c88ec8]" started-at="2023-06-03T11:17:43 IST" name="testDeleteUserByName" finished-at="2023-06-03T11:17:45 IST" duration-ms="1186" status="PASS">
          <reporter-output>
          </reporter-output>
        </test-method> <!-- testDeleteUserByName -->
      </class> <!-- api.test.UserTest2 -->
    </test> <!-- PetTest -->
  </suite> <!-- PetSuite -->
</testng-results>
