<?xml version="1.0" encoding="UTF-8"?>
<testng-results ignored="0" total="4" passed="4" failed="0" skipped="0">
  <reporter-output>
  </reporter-output>
  <suite started-at="2023-06-01T19:51:06 IST" name="PetSuite" finished-at="2023-06-01T19:51:17 IST" duration-ms="11900">
    <groups>
    </groups>
    <test started-at="2023-06-01T19:51:06 IST" name="PetTest" finished-at="2023-06-01T19:51:17 IST" duration-ms="11900">
      <class name="api.test.UserTest2">
        <test-method is-config="true" signature="setupData()[pri:0, instance:api.test.UserTest2@3a93b025]" started-at="2023-06-01T19:51:06 IST" name="setupData" finished-at="2023-06-01T19:51:06 IST" duration-ms="333" status="PASS">
          <reporter-output>
          </reporter-output>
        </test-method> <!-- setupData -->
        <test-method signature="testPostUser()[pri:1, instance:api.test.UserTest2@3a93b025]" started-at="2023-06-01T19:51:06 IST" name="testPostUser" finished-at="2023-06-01T19:51:12 IST" duration-ms="5277" status="PASS">
          <reporter-output>
          </reporter-output>
        </test-method> <!-- testPostUser -->
        <test-method signature="testGetUserByName()[pri:2, instance:api.test.UserTest2@3a93b025]" started-at="2023-06-01T19:51:12 IST" name="testGetUserByName" finished-at="2023-06-01T19:51:13 IST" duration-ms="1420" status="PASS">
          <reporter-output>
          </reporter-output>
        </test-method> <!-- testGetUserByName -->
        <test-method signature="testUpdateUser()[pri:3, instance:api.test.UserTest2@3a93b025]" started-at="2023-06-01T19:51:13 IST" name="testUpdateUser" finished-at="2023-06-01T19:51:16 IST" duration-ms="3056" status="PASS">
          <reporter-output>
          </reporter-output>
        </test-method> <!-- testUpdateUser -->
        <test-method signature="testDeleteUserByName()[pri:4, instance:api.test.UserTest2@3a93b025]" started-at="2023-06-01T19:51:16 IST" name="testDeleteUserByName" finished-at="2023-06-01T19:51:17 IST" duration-ms="1223" status="PASS">
          <reporter-output>
          </reporter-output>
        </test-method> <!-- testDeleteUserByName -->
      </class> <!-- api.test.UserTest2 -->
    </test> <!-- PetTest -->
  </suite> <!-- PetSuite -->
</testng-results>
