<?xml version="1.0" encoding="UTF-8"?>
<!-- Generated by org.testng.reporters.JUnitXMLReporter -->
<testsuite ignored="0" hostname="DESKTOP-GF5M0FN" failures="0" tests="4" name="PetTest" time="8.791" errors="0" timestamp="2023-06-03T11:17:45 IST">
  <testcase classname="api.test.UserTest2" name="testPostUser" time="3.329"/>
  <testcase classname="api.test.UserTest2" name="testGetUserByName" time="1.211"/>
  <testcase classname="api.test.UserTest2" name="testUpdateUser" time="2.477"/>
  <testcase classname="api.test.UserTest2" name="testDeleteUserByName" time="1.186"/>
</testsuite> <!-- PetTest -->
