<?xml version="1.0" encoding="UTF-8"?>
<!-- Generated by org.testng.reporters.JUnitXMLReporter -->
<testsuite ignored="0" hostname="DESKTOP-GF5M0FN" failures="0" tests="4" name="PetTest" time="11.9" errors="0" timestamp="2023-06-01T19:51:18 IST">
  <testcase classname="api.test.UserTest2" name="testPostUser" time="5.277"/>
  <testcase classname="api.test.UserTest2" name="testGetUserByName" time="1.42"/>
  <testcase classname="api.test.UserTest2" name="testUpdateUser" time="3.056"/>
  <testcase classname="api.test.UserTest2" name="testDeleteUserByName" time="1.223"/>
</testsuite> <!-- PetTest -->
